Using pre-set license
Built from '2020.3/china_unity/release' branch; Version is '2020.3.1f1c1 (3e9f4b065a9d) revision 4104011'; Using compiler version '192528614'; Build Type 'Release'
OS: 'Windows 10 Pro; OS build 18362.1256; Version 1903; 64bit' Language: 'zh' Physical Memory: 16321 MB
BatchMode: 1, IsHumanControllingUs: 0, StartBugReporterOnCrash: 0, Is64bit: 1, IsPro: 0

 COMMAND LINE ARGUMENTS:
E:\unity\2020.3.1\Unity\Editor\Unity.exe
-adb2
-batchMode
-noUpm
-name
AssetImportWorker0
-projectPath
G:/Learn/VR Room Project
-logFile
Logs/AssetImportWorker0.log
-srvPort
6486
Successfully changed project path to: G:/Learn/VR Room Project
G:/Learn/VR Room Project
Using Asset Import Pipeline V2.
Refreshing native plugins compatible for Editor in 62.91 ms, found 8 plugins.
Preloading 1 native plugins for Editor in 0.77 ms.
Initialize engine version: 2020.3.1f1c1 (3e9f4b065a9d)
[Subsystems] Discovering subsystems at path E:/unity/2020.3.1/Unity/Editor/Data/Resources/UnitySubsystems
[Subsystems] Discovering subsystems at path G:/Learn/VR Room Project/Assets
GfxDevice: creating device client; threaded=0
Direct3D:
    Version:  Direct3D 11.0 [level 11.1]
    Renderer: NVIDIA GeForce GTX 1660 (ID=0x2184)
    Vendor:   
    VRAM:     5991 MB
    Driver:   26.21.14.3200
Shader 'Universal Render Pipeline/Particles/Lit': fallback shader 'Universal Render Pipeline/Particles/SimpleLit' not found
Initialize mono
Mono path[0] = 'E:/unity/2020.3.1/Unity/Editor/Data/Managed'
Mono path[1] = 'E:/unity/2020.3.1/Unity/Editor/Data/MonoBleedingEdge/lib/mono/unityjit'
Mono config path = 'E:/unity/2020.3.1/Unity/Editor/Data/MonoBleedingEdge/etc'
Using monoOptions --debugger-agent=transport=dt_socket,embedding=1,server=y,suspend=n,address=127.0.0.1:56692
Begin MonoManager ReloadAssembly
Registering precompiled unity dll's ...
Register platform support module: E:/unity/2020.3.1/Unity/Editor/Data/PlaybackEngines/WindowsStandaloneSupport/UnityEditor.WindowsStandalone.Extensions.dll
Registered in 0.000848 seconds.
Native extension for WindowsStandalone target not found
Refreshing native plugins compatible for Editor in 60.44 ms, found 8 plugins.
Preloading 1 native plugins for Editor in 0.07 ms.
Invoked RoslynAnalysisRunner static constructor.
RoslynAnalysisRunner will not be running.
RoslynAnalysisRunner has terminated.
Mono: successfully reloaded assembly
- Completed reload, in  0.833 seconds
Platform modules already initialized, skipping
Registering precompiled user dll's ...
Registered in 0.002845 seconds.
Begin MonoManager ReloadAssembly
Native extension for WindowsStandalone target not found
Refreshing native plugins compatible for Editor in 61.43 ms, found 8 plugins.
Preloading 1 native plugins for Editor in 0.07 ms.
Invoked RoslynAnalysisRunner static constructor.
RoslynAnalysisRunner will not be running.
RoslynAnalysisRunner has terminated.
[XR] OculusXRPlugin: registering subsystems
[XR] Unable to register display lifecyle provider: [1]
[XR] Oculus Input lifecycle provider registered.
[XR] Unable to register input lifecyle provider: [1]
NullReferenceException: Object reference not set to an instance of an object
  at Unity.XR.Oculus.OculusLoader.AssetPathToAbsolutePath (System.String assetPath) [0x00048] in G:\Learn\VR Room Project\Library\PackageCache\com.unity.xr.oculus@1.8.1\Runtime\OculusLoader.cs:243 
  at Unity.XR.Oculus.OculusLoader.EditorLoadOVRPlugin () [0x0007b] in G:\Learn\VR Room Project\Library\PackageCache\com.unity.xr.oculus@1.8.1\Runtime\OculusLoader.cs:228 

(Filename: Library/PackageCache/com.unity.xr.oculus@1.8.1/Runtime/OculusLoader.cs Line: 243)

Mono: successfully reloaded assembly
- Completed reload, in  1.170 seconds
Platform modules already initialized, skipping
========================================================================
Worker process is ready to serve import requests
Shader 'Universal Render Pipeline/Particles/Lit': fallback shader 'Universal Render Pipeline/Particles/SimpleLit' not found
Launched and connected shader compiler UnityShaderCompiler.exe after 0.06 seconds
Refreshing native plugins compatible for Editor in 0.88 ms, found 8 plugins.
Preloading 1 native plugins for Editor in 0.06 ms.
Unloading 3108 Unused Serialized files (Serialized files now loaded: 0)
System memory in use before: 143.6 MB.
System memory in use after: 143.7 MB.

Unloading 26 unused Assets to reduce memory usage. Loaded Objects now: 3544.
Total: 2.543100 ms (FindLiveObjects: 0.285500 ms CreateObjectMapping: 0.131900 ms MarkObjects: 2.056700 ms  DeleteObjects: 0.068000 ms)

========================================================================
Received Import Request.
  path: Assets/_Course Library/Models/Backgrounds/BuldingBlock_1.fbx
  artifactKey: Guid(6740ac64e8805ed4991de696e52555ed) Importer(815301076,1909f56bfc062723c751e8b465ee728b)
Start importing Assets/_Course Library/Models/Backgrounds/BuldingBlock_1.fbx using Guid(6740ac64e8805ed4991de696e52555ed) Importer(815301076,1909f56bfc062723c751e8b465ee728b)  -> (artifact id: 'aaca89f327517b269066176582172ea6') in 0.270412 seconds
  Import took 0.276338 seconds .

========================================================================
Received Import Request.
  Time since last request: 0.000257 seconds.
  path: Assets/_Course Library/Fonts/Inter-Regular-slnt=0 SDF.asset
  artifactKey: Guid(c8ac1ed6123904112adeaf50e63c4731) Importer(815301076,1909f56bfc062723c751e8b465ee728b)
Start importing Assets/_Course Library/Fonts/Inter-Regular-slnt=0 SDF.asset using Guid(c8ac1ed6123904112adeaf50e63c4731) Importer(815301076,1909f56bfc062723c751e8b465ee728b)  -> (artifact id: '52e7d1cf207cb6c65c913a9c2bf20865') in 0.056288 seconds
  Import took 0.061066 seconds .

========================================================================
Received Import Request.
  Time since last request: 0.000295 seconds.
  path: Assets/_Course Library/Models/Backgrounds/MountainPlane.fbx
  artifactKey: Guid(a6b78840ec15fbc4f9592028a98efc1f) Importer(815301076,1909f56bfc062723c751e8b465ee728b)
Start importing Assets/_Course Library/Models/Backgrounds/MountainPlane.fbx using Guid(a6b78840ec15fbc4f9592028a98efc1f) Importer(815301076,1909f56bfc062723c751e8b465ee728b)  -> (artifact id: '73a87a0d179c50c0ca800b8592363b73') in 0.018548 seconds
  Import took 0.023345 seconds .

========================================================================
Received Import Request.
  Time since last request: 0.000217 seconds.
  path: Assets/TextMesh Pro/Resources/Fonts & Materials/LiberationSans SDF - Outline.mat
  artifactKey: Guid(79459efec17a4d00a321bdcc27bbc385) Importer(815301076,1909f56bfc062723c751e8b465ee728b)
Start importing Assets/TextMesh Pro/Resources/Fonts & Materials/LiberationSans SDF - Outline.mat using Guid(79459efec17a4d00a321bdcc27bbc385) Importer(815301076,1909f56bfc062723c751e8b465ee728b)  -> (artifact id: 'afce6482c104b96df66ed8e0a465cd3f') in 0.080444 seconds
  Import took 0.085615 seconds .

========================================================================
Received Import Request.
  Time since last request: 0.000223 seconds.
  path: Assets/_Course Library/Models/Backgrounds/Foreground_Hills_Combined.fbx
  artifactKey: Guid(ec1d078eac8ae4a068f04257fba88023) Importer(815301076,1909f56bfc062723c751e8b465ee728b)
Start importing Assets/_Course Library/Models/Backgrounds/Foreground_Hills_Combined.fbx using Guid(ec1d078eac8ae4a068f04257fba88023) Importer(815301076,1909f56bfc062723c751e8b465ee728b)  -> (artifact id: '0fc28569f9b8dbed87f500baeb6b7efd') in 0.033614 seconds
  Import took 0.038684 seconds .

========================================================================
Received Import Request.
  Time since last request: 0.000214 seconds.
  path: Assets/Challenges/03_Training/Materials/Button_Red.mat
  artifactKey: Guid(26f94bcb7e8d542468037d27f594d83a) Importer(815301076,1909f56bfc062723c751e8b465ee728b)
Start importing Assets/Challenges/03_Training/Materials/Button_Red.mat using Guid(26f94bcb7e8d542468037d27f594d83a) Importer(815301076,1909f56bfc062723c751e8b465ee728b)  -> (artifact id: 'e7636aecd3691e4e4c364b3f27829140') in 0.009744 seconds
  Import took 0.015204 seconds .

========================================================================
Received Import Request.
  Time since last request: 0.000199 seconds.
  path: Assets/_Course Library/Materials/Solid Colors/Black.mat
  artifactKey: Guid(44b2a3a1458da6a4a94c228d967474ad) Importer(815301076,1909f56bfc062723c751e8b465ee728b)
Start importing Assets/_Course Library/Materials/Solid Colors/Black.mat using Guid(44b2a3a1458da6a4a94c228d967474ad) Importer(815301076,1909f56bfc062723c751e8b465ee728b)  -> (artifact id: '9bab21a2c528aed1ebb64449131cf055') in 0.020517 seconds
  Import took 0.026247 seconds .

========================================================================
Received Import Request.
  Time since last request: 0.000224 seconds.
  path: Assets/_Course Library/Materials/Solid Colors/Blue.mat
  artifactKey: Guid(5750f18e988befc4f9a61a61a7da484a) Importer(815301076,1909f56bfc062723c751e8b465ee728b)
Start importing Assets/_Course Library/Materials/Solid Colors/Blue.mat using Guid(5750f18e988befc4f9a61a61a7da484a) Importer(815301076,1909f56bfc062723c751e8b465ee728b)  -> (artifact id: 'ed2fc785b82bf2622c2b11479c24c759') in 0.008521 seconds
  Import took 0.013823 seconds .

========================================================================
Received Import Request.
  Time since last request: 0.000205 seconds.
  path: Assets/_Course Library/Models/RoomTraditional_Models/Room_Traditional_Ceiling.fbx
  artifactKey: Guid(3f58e30f741850748b952ba0fbfb300a) Importer(815301076,1909f56bfc062723c751e8b465ee728b)
Start importing Assets/_Course Library/Models/RoomTraditional_Models/Room_Traditional_Ceiling.fbx using Guid(3f58e30f741850748b952ba0fbfb300a) Importer(815301076,1909f56bfc062723c751e8b465ee728b)  -> (artifact id: 'bb7a651e83d198875cce2f0d2aa05467') in 0.027963 seconds
  Import took 0.033379 seconds .

========================================================================
Received Import Request.
  Time since last request: 0.000219 seconds.
  path: Assets/_Course Library/Fonts/Lora-Regular SDF.asset
  artifactKey: Guid(46d4660eedeaf406995fa1afed253fe0) Importer(815301076,1909f56bfc062723c751e8b465ee728b)
Start importing Assets/_Course Library/Fonts/Lora-Regular SDF.asset using Guid(46d4660eedeaf406995fa1afed253fe0) Importer(815301076,1909f56bfc062723c751e8b465ee728b)  -> (artifact id: 'fd88ec2f22c51fa8596cd43aa2ba5bf8') in 0.021400 seconds
  Import took 0.026744 seconds .

========================================================================
Received Import Request.
  Time since last request: 0.000223 seconds.
  path: Assets/Challenges/02_3DPainting/Materials/Ceiling.mat
  artifactKey: Guid(fbc7094e627a54379932fcc82bb8e511) Importer(815301076,1909f56bfc062723c751e8b465ee728b)
Start importing Assets/Challenges/02_3DPainting/Materials/Ceiling.mat using Guid(fbc7094e627a54379932fcc82bb8e511) Importer(815301076,1909f56bfc062723c751e8b465ee728b)  -> (artifact id: '294301bfc94ee6c1030dbc36cf550cac') in 0.009304 seconds
  Import took 0.014449 seconds .

========================================================================
Received Import Request.
  Time since last request: 0.000254 seconds.
  path: Assets/Challenges/01_Architecture/Materials/FloorPlan.mat
  artifactKey: Guid(4a600aebad7d44258be8e0b77413e0a5) Importer(815301076,1909f56bfc062723c751e8b465ee728b)
Start importing Assets/Challenges/01_Architecture/Materials/FloorPlan.mat using Guid(4a600aebad7d44258be8e0b77413e0a5) Importer(815301076,1909f56bfc062723c751e8b465ee728b)  -> (artifact id: '98041d12f46bfeaf36f31ff572f9f006') in 0.012195 seconds
  Import took 0.017682 seconds .

========================================================================
Received Import Request.
  Time since last request: 0.000237 seconds.
  path: Assets/_Course Library/Models/RoomTraditional_Models/Room_Traditional_WindowPanel.fbx
  artifactKey: Guid(8a154df79583475448765e90503b5eb2) Importer(815301076,1909f56bfc062723c751e8b465ee728b)
Start importing Assets/_Course Library/Models/RoomTraditional_Models/Room_Traditional_WindowPanel.fbx using Guid(8a154df79583475448765e90503b5eb2) Importer(815301076,1909f56bfc062723c751e8b465ee728b)  -> (artifact id: 'f918209ec67816cda2763312b2eede69') in 0.025982 seconds
  Import took 0.031483 seconds .

========================================================================
Received Import Request.
  Time since last request: 0.000216 seconds.
  path: Assets/TextMesh Pro/Resources/Fonts & Materials/LiberationSans SDF - Fallback.asset
  artifactKey: Guid(2e498d1c8094910479dc3e1b768306a4) Importer(815301076,1909f56bfc062723c751e8b465ee728b)
Start importing Assets/TextMesh Pro/Resources/Fonts & Materials/LiberationSans SDF - Fallback.asset using Guid(2e498d1c8094910479dc3e1b768306a4) Importer(815301076,1909f56bfc062723c751e8b465ee728b)  -> (artifact id: 'e3fd3c027d745c8a83b2dabd1c08436d') in 0.012464 seconds
  Import took 0.017851 seconds .

========================================================================
Received Import Request.
  Time since last request: 0.000243 seconds.
  path: Assets/_Course Library/Models/RoomTraditional_Models/Room_Traditional_Panel.fbx
  artifactKey: Guid(96d3edabfe93f994d9be3598105777bd) Importer(815301076,1909f56bfc062723c751e8b465ee728b)
Start importing Assets/_Course Library/Models/RoomTraditional_Models/Room_Traditional_Panel.fbx using Guid(96d3edabfe93f994d9be3598105777bd) Importer(815301076,1909f56bfc062723c751e8b465ee728b)  -> (artifact id: '17af49d43b7221e252734665c910a2a1') in 0.021704 seconds
  Import took 0.027661 seconds .

========================================================================
Received Import Request.
  Time since last request: 0.000217 seconds.
  path: Assets/Challenges/03_Training/Materials/BlueLight.mat
  artifactKey: Guid(c56e045e4ea4b4c03a84074b146d28a4) Importer(815301076,1909f56bfc062723c751e8b465ee728b)
Start importing Assets/Challenges/03_Training/Materials/BlueLight.mat using Guid(c56e045e4ea4b4c03a84074b146d28a4) Importer(815301076,1909f56bfc062723c751e8b465ee728b)  -> (artifact id: '4d0ecf6654a657989207f62d95fd8c54') in 0.313334 seconds
  Import took 0.318875 seconds .

========================================================================
Received Import Request.
  Time since last request: 0.000221 seconds.
  path: Assets/_Course Library/Models/RoomRustic_Models/Room_Rustic_Panel.fbx
  artifactKey: Guid(fdd8fb57e3ed46a4fb0d8e2fab861bb6) Importer(815301076,1909f56bfc062723c751e8b465ee728b)
Start importing Assets/_Course Library/Models/RoomRustic_Models/Room_Rustic_Panel.fbx using Guid(fdd8fb57e3ed46a4fb0d8e2fab861bb6) Importer(815301076,1909f56bfc062723c751e8b465ee728b)  -> (artifact id: '5b50b4c52f3d16781bfd189624dd4774') in 0.016319 seconds
  Import took 0.021868 seconds .

========================================================================
Received Import Request.
  Time since last request: 0.000303 seconds.
  path: Assets/TextMesh Pro/Resources/Fonts & Materials/LiberationSans SDF - Drop Shadow.mat
  artifactKey: Guid(e73a58f6e2794ae7b1b7e50b7fb811b0) Importer(815301076,1909f56bfc062723c751e8b465ee728b)
Start importing Assets/TextMesh Pro/Resources/Fonts & Materials/LiberationSans SDF - Drop Shadow.mat using Guid(e73a58f6e2794ae7b1b7e50b7fb811b0) Importer(815301076,1909f56bfc062723c751e8b465ee728b)  -> (artifact id: '25bbd065df6c3d18879a0f1e7f67ab39') in 0.073841 seconds
  Import took 0.079452 seconds .

========================================================================
Received Import Request.
  Time since last request: 0.000256 seconds.
  path: Assets/_Course Library/Models/RoomModern_Models/Room_Modern_Door.fbx
  artifactKey: Guid(cd0725da5e217fe42b4679669fb13cc1) Importer(815301076,1909f56bfc062723c751e8b465ee728b)
Start importing Assets/_Course Library/Models/RoomModern_Models/Room_Modern_Door.fbx using Guid(cd0725da5e217fe42b4679669fb13cc1) Importer(815301076,1909f56bfc062723c751e8b465ee728b)  -> (artifact id: '802f072b5f9013fe51476074c000995f') in 0.028955 seconds
  Import took 0.034266 seconds .

========================================================================
Received Import Request.
  Time since last request: 0.000222 seconds.
  path: Assets/Challenges/02_3DPainting/Materials/Ground.mat
  artifactKey: Guid(896f645177a7443e19e1de985db6a45b) Importer(815301076,1909f56bfc062723c751e8b465ee728b)
Start importing Assets/Challenges/02_3DPainting/Materials/Ground.mat using Guid(896f645177a7443e19e1de985db6a45b) Importer(815301076,1909f56bfc062723c751e8b465ee728b)  -> (artifact id: 'c17a4fb4e250b64a0844a32cb5cd40c9') in 0.007771 seconds
  Import took 0.013473 seconds .

========================================================================
Received Import Request.
  Time since last request: 0.000232 seconds.
  path: Assets/_Course Library/Models/RoomRustic_Models/Room_Rustic_WindowPanel.fbx
  artifactKey: Guid(8afa789948e44e749ac067c2f82bf4a7) Importer(815301076,1909f56bfc062723c751e8b465ee728b)
Start importing Assets/_Course Library/Models/RoomRustic_Models/Room_Rustic_WindowPanel.fbx using Guid(8afa789948e44e749ac067c2f82bf4a7) Importer(815301076,1909f56bfc062723c751e8b465ee728b)  -> (artifact id: '68573ea3afa9699db2675a97994fade9') in 0.016943 seconds
  Import took 0.022300 seconds .

========================================================================
Received Import Request.
  Time since last request: 0.000227 seconds.
  path: Assets/Challenges/01_Architecture/Materials/Carpet.mat
  artifactKey: Guid(d0e9088a57d6e7240bf0b6c4b008ddef) Importer(815301076,1909f56bfc062723c751e8b465ee728b)
Start importing Assets/Challenges/01_Architecture/Materials/Carpet.mat using Guid(d0e9088a57d6e7240bf0b6c4b008ddef) Importer(815301076,1909f56bfc062723c751e8b465ee728b)  -> (artifact id: 'e97dd71c38eadd01caf426e36e971012') in 0.008376 seconds
  Import took 0.013995 seconds .

========================================================================
Received Import Request.
  Time since last request: 0.000233 seconds.
  path: Assets/_Course Library/Models/Backgrounds/BuldingBlock_3.fbx
  artifactKey: Guid(eeadb852347da4b4386bf85763d80980) Importer(815301076,1909f56bfc062723c751e8b465ee728b)
Start importing Assets/_Course Library/Models/Backgrounds/BuldingBlock_3.fbx using Guid(eeadb852347da4b4386bf85763d80980) Importer(815301076,1909f56bfc062723c751e8b465ee728b)  -> (artifact id: '13edbc9bdad1a858a16acc98a47d5366') in 0.017986 seconds
  Import took 0.024519 seconds .

========================================================================
Received Import Request.
  Time since last request: 0.000250 seconds.
  path: Assets/_Course Library/Models/RoomModern_Models/Room_Modern_WindowPanel.fbx
  artifactKey: Guid(2778dad60f753d44094bdd4e836725df) Importer(815301076,1909f56bfc062723c751e8b465ee728b)
Start importing Assets/_Course Library/Models/RoomModern_Models/Room_Modern_WindowPanel.fbx using Guid(2778dad60f753d44094bdd4e836725df) Importer(815301076,1909f56bfc062723c751e8b465ee728b)  -> (artifact id: 'aec64e45ebc25888129af3a845650809') in 0.016280 seconds
  Import took 0.022265 seconds .

========================================================================
Received Import Request.
  Time since last request: 0.000291 seconds.
  path: Assets/_Course Library/Models/RoomModern_Models/Room_Modern_Panel.fbx
  artifactKey: Guid(f87e5af1ff58f1244b8f685cdc6bf9bf) Importer(815301076,1909f56bfc062723c751e8b465ee728b)
Start importing Assets/_Course Library/Models/RoomModern_Models/Room_Modern_Panel.fbx using Guid(f87e5af1ff58f1244b8f685cdc6bf9bf) Importer(815301076,1909f56bfc062723c751e8b465ee728b)  -> (artifact id: '25a1743ebf70e1d654edc9ae966e1258') in 0.016629 seconds
  Import took 0.022207 seconds .

========================================================================
Received Import Request.
  Time since last request: 0.000241 seconds.
  path: Assets/TextMesh Pro/Resources/Fonts & Materials/LiberationSans SDF.asset
  artifactKey: Guid(8f586378b4e144a9851e7b34d9b748ee) Importer(815301076,1909f56bfc062723c751e8b465ee728b)
Start importing Assets/TextMesh Pro/Resources/Fonts & Materials/LiberationSans SDF.asset using Guid(8f586378b4e144a9851e7b34d9b748ee) Importer(815301076,1909f56bfc062723c751e8b465ee728b)  -> (artifact id: '3bcb1f8ac1489df4de44715854f45ed7') in 0.031690 seconds
  Import took 0.036771 seconds .

========================================================================
Received Import Request.
  Time since last request: 0.000218 seconds.
  path: Assets/_Course Library/Materials/Solid Colors/GreyBlue.mat
  artifactKey: Guid(9383d15e269024e048f55679d4add4d9) Importer(815301076,1909f56bfc062723c751e8b465ee728b)
Start importing Assets/_Course Library/Materials/Solid Colors/GreyBlue.mat using Guid(9383d15e269024e048f55679d4add4d9) Importer(815301076,1909f56bfc062723c751e8b465ee728b)  -> (artifact id: '4cb520681685d16a592087644e46994e') in 0.008927 seconds
  Import took 0.014750 seconds .

========================================================================
Received Import Request.
  Time since last request: 0.000251 seconds.
  path: Assets/_Course Library/Models/RoomRustic_Models/Room_Rustic_Door.fbx
  artifactKey: Guid(fb6def4110e9f5e47867742140db3077) Importer(815301076,1909f56bfc062723c751e8b465ee728b)
Start importing Assets/_Course Library/Models/RoomRustic_Models/Room_Rustic_Door.fbx using Guid(fb6def4110e9f5e47867742140db3077) Importer(815301076,1909f56bfc062723c751e8b465ee728b)  -> (artifact id: '80c6f9916b5a757bb5d8b1fe8dad3c3d') in 0.027859 seconds
  Import took 0.033764 seconds .

========================================================================
Received Import Request.
  Time since last request: 0.000265 seconds.
  path: Assets/Challenges/03_Training/Materials/Floor.mat
  artifactKey: Guid(2c205be5a4d701441a98c2ef25773ec8) Importer(815301076,1909f56bfc062723c751e8b465ee728b)
Start importing Assets/Challenges/03_Training/Materials/Floor.mat using Guid(2c205be5a4d701441a98c2ef25773ec8) Importer(815301076,1909f56bfc062723c751e8b465ee728b)  -> (artifact id: '5a89ff209b063f7c0756ad12f1ceb660') in 0.008373 seconds
  Import took 0.013549 seconds .

========================================================================
Received Import Request.
  Time since last request: 0.000208 seconds.
  path: Assets/Challenges/03_Training/Materials/Button_Blue.mat
  artifactKey: Guid(37a7c2a9456aa483c8adc48ced2c492d) Importer(815301076,1909f56bfc062723c751e8b465ee728b)
Start importing Assets/Challenges/03_Training/Materials/Button_Blue.mat using Guid(37a7c2a9456aa483c8adc48ced2c492d) Importer(815301076,1909f56bfc062723c751e8b465ee728b)  -> (artifact id: '25323706bd5d4c93fc4e98c63352db81') in 0.008188 seconds
  Import took 0.013319 seconds .

========================================================================
Received Import Request.
  Time since last request: 0.000226 seconds.
  path: Assets/_Course Library/Models/RoomTraditional_Models/Room_Traditional_DoorPanel.fbx
  artifactKey: Guid(6be4e3574f2ffcb4d90108cd045befba) Importer(815301076,1909f56bfc062723c751e8b465ee728b)
Start importing Assets/_Course Library/Models/RoomTraditional_Models/Room_Traditional_DoorPanel.fbx using Guid(6be4e3574f2ffcb4d90108cd045befba) Importer(815301076,1909f56bfc062723c751e8b465ee728b)  -> (artifact id: '08c78e5e43f1bd4f50bbc776be3ab1b3') in 0.016676 seconds
  Import took 0.021988 seconds .

========================================================================
Received Import Request.
  Time since last request: 0.000221 seconds.
  path: Assets/_Course Library/Models/RoomTraditional_Models/Room_Traditional_Window.fbx
  artifactKey: Guid(c181d071cf3898e4f93504998718f775) Importer(815301076,1909f56bfc062723c751e8b465ee728b)
Start importing Assets/_Course Library/Models/RoomTraditional_Models/Room_Traditional_Window.fbx using Guid(c181d071cf3898e4f93504998718f775) Importer(815301076,1909f56bfc062723c751e8b465ee728b)  -> (artifact id: '34aa1cd29cb2948d6286463d4ded8cd4') in 0.016067 seconds
  Import took 0.021566 seconds .

========================================================================
Received Import Request.
  Time since last request: 0.000315 seconds.
  path: Assets/_Course Library/Materials/Solid Colors/Grey.mat
  artifactKey: Guid(284c0adf047530442a7e23b4365615aa) Importer(815301076,1909f56bfc062723c751e8b465ee728b)
Start importing Assets/_Course Library/Materials/Solid Colors/Grey.mat using Guid(284c0adf047530442a7e23b4365615aa) Importer(815301076,1909f56bfc062723c751e8b465ee728b)  -> (artifact id: 'ab0cdd0e2f7dd0a83f57d1c10822d179') in 0.007029 seconds
  Import took 0.012652 seconds .

========================================================================
Received Import Request.
  Time since last request: 0.000253 seconds.
  path: Assets/_Course Library/Models/Backgrounds/RollingHillsBlock_1.fbx
  artifactKey: Guid(ec2d19848e5aeea418c80db2198066b9) Importer(815301076,1909f56bfc062723c751e8b465ee728b)
Start importing Assets/_Course Library/Models/Backgrounds/RollingHillsBlock_1.fbx using Guid(ec2d19848e5aeea418c80db2198066b9) Importer(815301076,1909f56bfc062723c751e8b465ee728b)  -> (artifact id: 'd2523862ee75349868c8b5f70b970e6f') in 0.016538 seconds
  Import took 0.022118 seconds .

========================================================================
Received Import Request.
  Time since last request: 0.000232 seconds.
  path: Assets/_Course Library/Models/Backgrounds/BuldingBlock_2.fbx
  artifactKey: Guid(fafbe2be630728948b3232d286fcfec1) Importer(815301076,1909f56bfc062723c751e8b465ee728b)
Start importing Assets/_Course Library/Models/Backgrounds/BuldingBlock_2.fbx using Guid(fafbe2be630728948b3232d286fcfec1) Importer(815301076,1909f56bfc062723c751e8b465ee728b)  -> (artifact id: '907ae47eee2a9733d0c7f2afc0c34d57') in 0.017127 seconds
  Import took 0.022424 seconds .

========================================================================
Received Import Request.
  Time since last request: 0.000224 seconds.
  path: Assets/_Course Library/Models/RoomTraditional_Models/Room_Traditional_Door.fbx
  artifactKey: Guid(2f22d1a46ab261a4d9621f746d3a536c) Importer(815301076,1909f56bfc062723c751e8b465ee728b)
Start importing Assets/_Course Library/Models/RoomTraditional_Models/Room_Traditional_Door.fbx using Guid(2f22d1a46ab261a4d9621f746d3a536c) Importer(815301076,1909f56bfc062723c751e8b465ee728b)  -> (artifact id: '50e44dd93235074e26e713cf605b7a03') in 0.033461 seconds
  Import took 0.038616 seconds .

========================================================================
Received Import Request.
  Time since last request: 0.000247 seconds.
  path: Assets/_Course Library/Models/Backgrounds/SkyscrapersPlane.fbx
  artifactKey: Guid(a210a7dd9455e17488bd0c3533fb3d83) Importer(815301076,1909f56bfc062723c751e8b465ee728b)
Start importing Assets/_Course Library/Models/Backgrounds/SkyscrapersPlane.fbx using Guid(a210a7dd9455e17488bd0c3533fb3d83) Importer(815301076,1909f56bfc062723c751e8b465ee728b)  -> (artifact id: '0b9178d7a797bdb3f23beca04cc5111a') in 0.014418 seconds
  Import took 0.019996 seconds .

========================================================================
Received Import Request.
  Time since last request: 0.000243 seconds.
  path: Assets/_Course Library/Fonts/Caveat-Regular SDF.asset
  artifactKey: Guid(18eb93125c4dc48309f35bea3f9afe65) Importer(815301076,1909f56bfc062723c751e8b465ee728b)
Start importing Assets/_Course Library/Fonts/Caveat-Regular SDF.asset using Guid(18eb93125c4dc48309f35bea3f9afe65) Importer(815301076,1909f56bfc062723c751e8b465ee728b)  -> (artifact id: '28471bc74e29d13c74046653cda878c0') in 0.018637 seconds
  Import took 0.024058 seconds .

========================================================================
Received Import Request.
  Time since last request: 0.000236 seconds.
  path: Assets/_Course Library/Models/RoomModern_Models/Room_Modern_Window.fbx
  artifactKey: Guid(1f8f4dd08a8e1c346a29c4ea114b20b0) Importer(815301076,1909f56bfc062723c751e8b465ee728b)
Start importing Assets/_Course Library/Models/RoomModern_Models/Room_Modern_Window.fbx using Guid(1f8f4dd08a8e1c346a29c4ea114b20b0) Importer(815301076,1909f56bfc062723c751e8b465ee728b)  -> (artifact id: 'cde0ac114c98dc2964b343d278eb5ede') in 0.022623 seconds
  Import took 0.027937 seconds .

========================================================================
Received Import Request.
  Time since last request: 0.000249 seconds.
  path: Assets/Challenges/02_3DPainting/Materials/Blue.mat
  artifactKey: Guid(883b51d7f702a457e914d827f896d06d) Importer(815301076,1909f56bfc062723c751e8b465ee728b)
Start importing Assets/Challenges/02_3DPainting/Materials/Blue.mat using Guid(883b51d7f702a457e914d827f896d06d) Importer(815301076,1909f56bfc062723c751e8b465ee728b)  -> (artifact id: '1860240ad01119abe77fe28df2566e97') in 0.008592 seconds
  Import took 0.014604 seconds .

========================================================================
Received Import Request.
  Time since last request: 0.000233 seconds.
  path: Assets/_Course Library/Models/RoomTraditional_Models/Room_Traditional_Floor.fbx
  artifactKey: Guid(85a5605b883036649bf45c79994fc025) Importer(815301076,1909f56bfc062723c751e8b465ee728b)
Start importing Assets/_Course Library/Models/RoomTraditional_Models/Room_Traditional_Floor.fbx using Guid(85a5605b883036649bf45c79994fc025) Importer(815301076,1909f56bfc062723c751e8b465ee728b)  -> (artifact id: 'c00c05c869c45fd8c3b6f1dedee29d90') in 0.014422 seconds
  Import took 0.019998 seconds .

========================================================================
Received Import Request.
  Time since last request: 0.000247 seconds.
  path: Assets/_Course Library/Materials/Solid Colors/Green.mat
  artifactKey: Guid(0c589e185d0c76a48ac19e74ae0665c2) Importer(815301076,1909f56bfc062723c751e8b465ee728b)
Start importing Assets/_Course Library/Materials/Solid Colors/Green.mat using Guid(0c589e185d0c76a48ac19e74ae0665c2) Importer(815301076,1909f56bfc062723c751e8b465ee728b)  -> (artifact id: '2c6993f0e11560ca22168d9d7eafe37c') in 0.007947 seconds
  Import took 0.013489 seconds .

========================================================================
Received Import Request.
  Time since last request: 0.000237 seconds.
  path: Assets/Challenges/03_Training/Materials/Blue.mat
  artifactKey: Guid(f6456bf8d27bb1248a1fd0cb2164aa7b) Importer(815301076,1909f56bfc062723c751e8b465ee728b)
Start importing Assets/Challenges/03_Training/Materials/Blue.mat using Guid(f6456bf8d27bb1248a1fd0cb2164aa7b) Importer(815301076,1909f56bfc062723c751e8b465ee728b)  -> (artifact id: '100fe2ebd71c88689b88c1b444e1668a') in 0.008289 seconds
  Import took 0.013490 seconds .

========================================================================
Received Import Request.
  Time since last request: 0.000231 seconds.
  path: Assets/_Course Library/Materials/Solid Colors/GreenDark.mat
  artifactKey: Guid(7ecf8e2b1408644d485c82dbca49ac37) Importer(815301076,1909f56bfc062723c751e8b465ee728b)
Start importing Assets/_Course Library/Materials/Solid Colors/GreenDark.mat using Guid(7ecf8e2b1408644d485c82dbca49ac37) Importer(815301076,1909f56bfc062723c751e8b465ee728b)  -> (artifact id: '51a52d435990bb17f999abaf3d30b395') in 0.007448 seconds
  Import took 0.012890 seconds .

========================================================================
Received Import Request.
  Time since last request: 0.000209 seconds.
  path: Assets/Challenges/01_Architecture/Materials/Grass.mat
  artifactKey: Guid(37cabec9daefbba489af428a97b28d47) Importer(815301076,1909f56bfc062723c751e8b465ee728b)
Start importing Assets/Challenges/01_Architecture/Materials/Grass.mat using Guid(37cabec9daefbba489af428a97b28d47) Importer(815301076,1909f56bfc062723c751e8b465ee728b)  -> (artifact id: '65ec07b5bec8cb23a9b46137d938ea94') in 0.007840 seconds
  Import took 0.013118 seconds .

========================================================================
Received Import Request.
  Time since last request: 0.000212 seconds.
  path: Assets/_Course Library/Models/RoomModern_Models/Room_Modern_Floor.fbx
  artifactKey: Guid(57fe5a64b5d206f4f984ca9de0b7fb89) Importer(815301076,1909f56bfc062723c751e8b465ee728b)
Start importing Assets/_Course Library/Models/RoomModern_Models/Room_Modern_Floor.fbx using Guid(57fe5a64b5d206f4f984ca9de0b7fb89) Importer(815301076,1909f56bfc062723c751e8b465ee728b)  -> (artifact id: '7c72d8bb876d1c76ae5c271d73b10546') in 0.016195 seconds
  Import took 0.021929 seconds .

========================================================================
Received Import Request.
  Time since last request: 0.000233 seconds.
  path: Assets/_Course Library/Models/RoomRustic_Models/Room_Rustic_Ceiling.fbx
  artifactKey: Guid(ff65149d1469b3745b30db2962a5f11a) Importer(815301076,1909f56bfc062723c751e8b465ee728b)
Start importing Assets/_Course Library/Models/RoomRustic_Models/Room_Rustic_Ceiling.fbx using Guid(ff65149d1469b3745b30db2962a5f11a) Importer(815301076,1909f56bfc062723c751e8b465ee728b)  -> (artifact id: '7ca8c478d0ea643e30e1a4603726ad2b') in 0.015367 seconds
  Import took 0.021550 seconds .

========================================================================
Received Import Request.
  Time since last request: 0.000230 seconds.
  path: Assets/_Course Library/Materials/Solid Colors/BlueGlow.mat
  artifactKey: Guid(f13a1c1a790f97046ab6053e5ebd45eb) Importer(815301076,1909f56bfc062723c751e8b465ee728b)
Start importing Assets/_Course Library/Materials/Solid Colors/BlueGlow.mat using Guid(f13a1c1a790f97046ab6053e5ebd45eb) Importer(815301076,1909f56bfc062723c751e8b465ee728b)  -> (artifact id: '5fd03bf1242bb21c287c522c383db974') in 0.007704 seconds
  Import took 0.012801 seconds .

========================================================================
Received Import Request.
  Time since last request: 0.000325 seconds.
  path: Assets/Challenges/01_Architecture/Materials/MeasuringStick.mat
  artifactKey: Guid(027f72dd52fda48a5854197587416360) Importer(815301076,1909f56bfc062723c751e8b465ee728b)
Start importing Assets/Challenges/01_Architecture/Materials/MeasuringStick.mat using Guid(027f72dd52fda48a5854197587416360) Importer(815301076,1909f56bfc062723c751e8b465ee728b)  -> (artifact id: '53d4ef90029b4aea27cccfe6dedf2217') in 0.008036 seconds
  Import took 0.013643 seconds .

========================================================================
Received Import Request.
  Time since last request: 0.000222 seconds.
  path: Assets/Challenges/01_Architecture/Materials/ClipBoard1.mat
  artifactKey: Guid(7533a8a46b3494648a1ca47af86ed1da) Importer(815301076,1909f56bfc062723c751e8b465ee728b)
Start importing Assets/Challenges/01_Architecture/Materials/ClipBoard1.mat using Guid(7533a8a46b3494648a1ca47af86ed1da) Importer(815301076,1909f56bfc062723c751e8b465ee728b)  -> (artifact id: 'c6d4a9c0962937c69aeb954e54760f28') in 0.007574 seconds
  Import took 0.013053 seconds .

========================================================================
Received Import Request.
  Time since last request: 0.000254 seconds.
  path: Assets/_Course Library/Models/RoomRustic_Models/Room_Rustic_DoorPanel.fbx
  artifactKey: Guid(0abeb080ee892454790c294532a792b2) Importer(815301076,1909f56bfc062723c751e8b465ee728b)
Start importing Assets/_Course Library/Models/RoomRustic_Models/Room_Rustic_DoorPanel.fbx using Guid(0abeb080ee892454790c294532a792b2) Importer(815301076,1909f56bfc062723c751e8b465ee728b)  -> (artifact id: '57a73011110c7c0a520e7e51f8bfcc2e') in 0.015145 seconds
  Import took 0.020628 seconds .

========================================================================
Received Import Request.
  Time since last request: 0.000256 seconds.
  path: Assets/_Course Library/Models/RoomRustic_Models/Room_Rustic_Window.fbx
  artifactKey: Guid(9f5c53910dd424f42992a7404dd82035) Importer(815301076,1909f56bfc062723c751e8b465ee728b)
Start importing Assets/_Course Library/Models/RoomRustic_Models/Room_Rustic_Window.fbx using Guid(9f5c53910dd424f42992a7404dd82035) Importer(815301076,1909f56bfc062723c751e8b465ee728b)  -> (artifact id: 'ef75ea2c9e59b28f19e38f943faceacc') in 0.016147 seconds
  Import took 0.021929 seconds .

========================================================================
Received Import Request.
  Time since last request: 0.000260 seconds.
  path: Assets/Challenges/03_Training/Materials/Light.mat
  artifactKey: Guid(fdd02663b865a394392b875cc3f95e78) Importer(815301076,1909f56bfc062723c751e8b465ee728b)
Start importing Assets/Challenges/03_Training/Materials/Light.mat using Guid(fdd02663b865a394392b875cc3f95e78) Importer(815301076,1909f56bfc062723c751e8b465ee728b)  -> (artifact id: '710add053a6b512aadc36cfd61d70578') in 0.007784 seconds
  Import took 0.013344 seconds .

========================================================================
Received Import Request.
  Time since last request: 0.000232 seconds.
  path: Assets/TextMesh Pro/Fonts/LiberationSans.ttf
  artifactKey: Guid(e3265ab4bf004d28a9537516768c1c75) Importer(815301076,1909f56bfc062723c751e8b465ee728b)
Start importing Assets/TextMesh Pro/Fonts/LiberationSans.ttf using Guid(e3265ab4bf004d28a9537516768c1c75) Importer(815301076,1909f56bfc062723c751e8b465ee728b)  -> (artifact id: '33684f0befe386df8801b3027b0203de') in 0.018309 seconds
  Import took 0.024000 seconds .

========================================================================
Received Import Request.
  Time since last request: 0.000230 seconds.
  path: Assets/Challenges/03_Training/Materials/FloorLight.mat
  artifactKey: Guid(3209be7af070c4f0b8084e01e8f9af64) Importer(815301076,1909f56bfc062723c751e8b465ee728b)
Start importing Assets/Challenges/03_Training/Materials/FloorLight.mat using Guid(3209be7af070c4f0b8084e01e8f9af64) Importer(815301076,1909f56bfc062723c751e8b465ee728b)  -> (artifact id: '1e5f515ec64ab6285c98fc82e743e5b6') in 0.007939 seconds
  Import took 0.013431 seconds .

========================================================================
Received Import Request.
  Time since last request: 0.000223 seconds.
  path: Assets/_Course Library/Models/RoomModern_Models/Room_Modern_DoorPanel.fbx
  artifactKey: Guid(06fa93e6873e8c44fbd668b15d71fb14) Importer(815301076,1909f56bfc062723c751e8b465ee728b)
Start importing Assets/_Course Library/Models/RoomModern_Models/Room_Modern_DoorPanel.fbx using Guid(06fa93e6873e8c44fbd668b15d71fb14) Importer(815301076,1909f56bfc062723c751e8b465ee728b)  -> (artifact id: '216be27ca376a2e9bbc10baca398afe5') in 0.015638 seconds
  Import took 0.021113 seconds .

========================================================================
Received Import Request.
  Time since last request: 0.000219 seconds.
  path: Assets/_Course Library/Models/RoomRustic_Models/Room_Rustic_Floor.fbx
  artifactKey: Guid(06f2579c205b7db40b0bf435e2087343) Importer(815301076,1909f56bfc062723c751e8b465ee728b)
Start importing Assets/_Course Library/Models/RoomRustic_Models/Room_Rustic_Floor.fbx using Guid(06f2579c205b7db40b0bf435e2087343) Importer(815301076,1909f56bfc062723c751e8b465ee728b)  -> (artifact id: 'f1c9c5d3766b8fc9ebe6a5ed231b9032') in 0.016376 seconds
  Import took 0.022503 seconds .

========================================================================
Received Import Request.
  Time since last request: 0.000235 seconds.
  path: Assets/Challenges/01_Architecture/Materials/ClipBoardBack.mat
  artifactKey: Guid(c9f96e450492745be8398632c54fe9fb) Importer(815301076,1909f56bfc062723c751e8b465ee728b)
Start importing Assets/Challenges/01_Architecture/Materials/ClipBoardBack.mat using Guid(c9f96e450492745be8398632c54fe9fb) Importer(815301076,1909f56bfc062723c751e8b465ee728b)  -> (artifact id: '5877436e225024ffe4e43ad87962223f') in 0.007535 seconds
  Import took 0.013340 seconds .

========================================================================
Received Import Request.
  Time since last request: 0.000223 seconds.
  path: Assets/Challenges/03_Training/Materials/Box.mat
  artifactKey: Guid(1107dbd5a1bcb40d084ac11488c3560e) Importer(815301076,1909f56bfc062723c751e8b465ee728b)
Start importing Assets/Challenges/03_Training/Materials/Box.mat using Guid(1107dbd5a1bcb40d084ac11488c3560e) Importer(815301076,1909f56bfc062723c751e8b465ee728b)  -> (artifact id: 'ad99a4135bcaf41f8fbb9a4378d05703') in 0.008115 seconds
  Import took 0.014017 seconds .

========================================================================
Received Import Request.
  Time since last request: 0.000215 seconds.
  path: Assets/_Course Library/Models/RoomModern_Models/Room_Modern_Ceiling.fbx
  artifactKey: Guid(a75d353809d8fd14ab9a00b22fb37d36) Importer(815301076,1909f56bfc062723c751e8b465ee728b)
Start importing Assets/_Course Library/Models/RoomModern_Models/Room_Modern_Ceiling.fbx using Guid(a75d353809d8fd14ab9a00b22fb37d36) Importer(815301076,1909f56bfc062723c751e8b465ee728b)  -> (artifact id: '6f0278213a952ab97593c6bd1e2813da') in 0.015751 seconds
  Import took 0.021183 seconds .

========================================================================
Received Import Request.
  Time since last request: 0.000272 seconds.
  path: Assets/_Course Library/Materials/Solid Colors/GreyDark.mat
  artifactKey: Guid(6125db37fb54a4b15838d52b52aad792) Importer(815301076,1909f56bfc062723c751e8b465ee728b)
Start importing Assets/_Course Library/Materials/Solid Colors/GreyDark.mat using Guid(6125db37fb54a4b15838d52b52aad792) Importer(815301076,1909f56bfc062723c751e8b465ee728b)  -> (artifact id: '9ed2afbb8a87560613b7d2b22836f2db') in 0.008024 seconds
  Import took 0.013531 seconds .

========================================================================
Received Import Request.
  Time since last request: 0.000209 seconds.
  path: Assets/Challenges/01_Architecture/Materials/Mountains.mat
  artifactKey: Guid(653136deb0aed4d9c8c793059c92a4c9) Importer(815301076,1909f56bfc062723c751e8b465ee728b)
Start importing Assets/Challenges/01_Architecture/Materials/Mountains.mat using Guid(653136deb0aed4d9c8c793059c92a4c9) Importer(815301076,1909f56bfc062723c751e8b465ee728b)  -> (artifact id: 'd5a3790a278b2313088378ee807aadd4') in 0.301217 seconds
  Import took 0.306621 seconds .

========================================================================
Received Import Request.
  Time since last request: 0.000250 seconds.
  path: Assets/Challenges/01_Architecture/Materials/Cement.mat
  artifactKey: Guid(36b509c3d748ea74ba32a9c8ee14b91c) Importer(815301076,1909f56bfc062723c751e8b465ee728b)
Start importing Assets/Challenges/01_Architecture/Materials/Cement.mat using Guid(36b509c3d748ea74ba32a9c8ee14b91c) Importer(815301076,1909f56bfc062723c751e8b465ee728b)  -> (artifact id: '0e2c2e126bce056fe3aa634c33664356') in 0.007870 seconds
  Import took 0.013097 seconds .

========================================================================
Received Import Request.
  Time since last request: 0.000211 seconds.
  path: Assets/Challenges/01_Architecture/Materials/Glass.mat
  artifactKey: Guid(868f107daf3fc97428e08f6e5b30dd74) Importer(815301076,1909f56bfc062723c751e8b465ee728b)
Start importing Assets/Challenges/01_Architecture/Materials/Glass.mat using Guid(868f107daf3fc97428e08f6e5b30dd74) Importer(815301076,1909f56bfc062723c751e8b465ee728b)  -> (artifact id: '56267515fca719257c6ab74b2e04c88e') in 0.008222 seconds
  Import took 0.013461 seconds .

========================================================================
Received Import Request.
  Time since last request: 0.000241 seconds.
  path: Assets/Challenges/03_Training/Materials/Metal.mat
  artifactKey: Guid(92c32e0dab1fb5447a72b74775c8e751) Importer(815301076,1909f56bfc062723c751e8b465ee728b)
Start importing Assets/Challenges/03_Training/Materials/Metal.mat using Guid(92c32e0dab1fb5447a72b74775c8e751) Importer(815301076,1909f56bfc062723c751e8b465ee728b)  -> (artifact id: '1fbcf37c313768f15058ce4de5c7c221') in 0.007935 seconds
  Import took 0.013290 seconds .

========================================================================
Received Import Request.
  Time since last request: 395.769127 seconds.
  path: ProjectSettings/TagManager.asset
  artifactKey: Guid(00000000000000003000000000000000) Importer(815301076,1909f56bfc062723c751e8b465ee728b)
Start importing ProjectSettings/TagManager.asset using Guid(00000000000000003000000000000000) Importer(815301076,1909f56bfc062723c751e8b465ee728b)  -> (artifact id: '504e8d21d3882bd9e46e6a5f5164bf58') in 0.002946 seconds
  Import took 0.010215 seconds .

========================================================================
Received Prepare
Shader 'Universal Render Pipeline/Particles/Lit': fallback shader 'Universal Render Pipeline/Particles/SimpleLit' not found
Refreshing native plugins compatible for Editor in 3.93 ms, found 8 plugins.
Preloading 1 native plugins for Editor in 0.05 ms.
Unloading 16 Unused Serialized files (Serialized files now loaded: 0)
System memory in use before: 81.0 MB.
System memory in use after: 81.2 MB.

Unloading 17 unused Assets to reduce memory usage. Loaded Objects now: 3656.
Total: 4.861500 ms (FindLiveObjects: 0.574400 ms CreateObjectMapping: 0.326200 ms MarkObjects: 3.910200 ms  DeleteObjects: 0.048800 ms)

========================================================================
Received Prepare
Shader 'Universal Render Pipeline/Particles/Lit': fallback shader 'Universal Render Pipeline/Particles/SimpleLit' not found
Refreshing native plugins compatible for Editor in 4.01 ms, found 8 plugins.
Preloading 1 native plugins for Editor in 0.06 ms.
Unloading 16 Unused Serialized files (Serialized files now loaded: 0)
System memory in use before: 81.0 MB.
System memory in use after: 81.2 MB.

Unloading 16 unused Assets to reduce memory usage. Loaded Objects now: 3656.
Total: 18.332700 ms (FindLiveObjects: 0.350200 ms CreateObjectMapping: 0.134300 ms MarkObjects: 17.813000 ms  DeleteObjects: 0.033000 ms)

========================================================================
Received Prepare
Shader 'Universal Render Pipeline/Particles/Lit': fallback shader 'Universal Render Pipeline/Particles/SimpleLit' not found
Refreshing native plugins compatible for Editor in 3.91 ms, found 8 plugins.
Preloading 1 native plugins for Editor in 0.05 ms.
Unloading 16 Unused Serialized files (Serialized files now loaded: 0)
System memory in use before: 81.0 MB.
System memory in use after: 81.2 MB.

Unloading 16 unused Assets to reduce memory usage. Loaded Objects now: 3656.
Total: 5.063600 ms (FindLiveObjects: 0.502900 ms CreateObjectMapping: 0.145900 ms MarkObjects: 4.387400 ms  DeleteObjects: 0.025900 ms)

========================================================================
Received Prepare
Shader 'Universal Render Pipeline/Particles/Lit': fallback shader 'Universal Render Pipeline/Particles/SimpleLit' not found
Refreshing native plugins compatible for Editor in 4.96 ms, found 8 plugins.
Preloading 1 native plugins for Editor in 0.35 ms.
Unloading 16 Unused Serialized files (Serialized files now loaded: 0)
System memory in use before: 81.0 MB.
System memory in use after: 81.2 MB.

Unloading 16 unused Assets to reduce memory usage. Loaded Objects now: 3656.
Total: 5.196800 ms (FindLiveObjects: 0.555900 ms CreateObjectMapping: 0.228200 ms MarkObjects: 4.383900 ms  DeleteObjects: 0.027200 ms)

========================================================================
Received Prepare
Shader 'Universal Render Pipeline/Particles/Lit': fallback shader 'Universal Render Pipeline/Particles/SimpleLit' not found
Refreshing native plugins compatible for Editor in 4.39 ms, found 8 plugins.
Preloading 1 native plugins for Editor in 0.05 ms.
Unloading 16 Unused Serialized files (Serialized files now loaded: 0)
System memory in use before: 81.0 MB.
System memory in use after: 81.2 MB.

Unloading 16 unused Assets to reduce memory usage. Loaded Objects now: 3656.
Total: 5.852200 ms (FindLiveObjects: 0.378400 ms CreateObjectMapping: 0.134700 ms MarkObjects: 5.316100 ms  DeleteObjects: 0.021400 ms)

========================================================================
Received Import Request.
  Time since last request: 6071.340303 seconds.
  path: Assets/_Course Library/_Prefabs/Objects/Launchers/Launcher_DartGun.prefab
  artifactKey: Guid(c7826a319a7803941adc8f0a090f1f38) Importer(815301076,1909f56bfc062723c751e8b465ee728b)
Start importing Assets/_Course Library/_Prefabs/Objects/Launchers/Launcher_DartGun.prefab using Guid(c7826a319a7803941adc8f0a090f1f38) Importer(815301076,1909f56bfc062723c751e8b465ee728b)  -> (artifact id: 'cce497a0f401a427e3f9776f0116c211') in 0.083679 seconds
  Import took 0.091810 seconds .

========================================================================
Received Import Request.
  Time since last request: 134.525299 seconds.
  path: ProjectSettings/TagManager.asset
  artifactKey: Guid(00000000000000003000000000000000) Importer(815301076,1909f56bfc062723c751e8b465ee728b)
Start importing ProjectSettings/TagManager.asset using Guid(00000000000000003000000000000000) Importer(815301076,1909f56bfc062723c751e8b465ee728b)  -> (artifact id: 'd702b4badcbe43b3fb2f7be39ddd3e23') in 0.002880 seconds
  Import took 0.009564 seconds .

========================================================================
Received Prepare
Shader 'Universal Render Pipeline/Particles/Lit': fallback shader 'Universal Render Pipeline/Particles/SimpleLit' not found
Refreshing native plugins compatible for Editor in 5.01 ms, found 8 plugins.
Preloading 1 native plugins for Editor in 0.06 ms.
Unloading 16 Unused Serialized files (Serialized files now loaded: 0)
System memory in use before: 81.0 MB.
System memory in use after: 81.3 MB.

Unloading 17 unused Assets to reduce memory usage. Loaded Objects now: 3656.
Total: 4.953600 ms (FindLiveObjects: 0.508900 ms CreateObjectMapping: 0.144500 ms MarkObjects: 4.267300 ms  DeleteObjects: 0.031600 ms)

========================================================================
Received Prepare
Shader 'Universal Render Pipeline/Particles/Lit': fallback shader 'Universal Render Pipeline/Particles/SimpleLit' not found
Refreshing native plugins compatible for Editor in 4.40 ms, found 8 plugins.
Preloading 1 native plugins for Editor in 0.05 ms.
Unloading 16 Unused Serialized files (Serialized files now loaded: 0)
System memory in use before: 81.0 MB.
System memory in use after: 81.3 MB.

Unloading 16 unused Assets to reduce memory usage. Loaded Objects now: 3656.
Total: 7.339800 ms (FindLiveObjects: 0.765500 ms CreateObjectMapping: 0.350400 ms MarkObjects: 6.189100 ms  DeleteObjects: 0.032000 ms)

========================================================================
Received Prepare
Shader 'Universal Render Pipeline/Particles/Lit': fallback shader 'Universal Render Pipeline/Particles/SimpleLit' not found
Refreshing native plugins compatible for Editor in 3.71 ms, found 8 plugins.
Preloading 1 native plugins for Editor in 0.05 ms.
Unloading 16 Unused Serialized files (Serialized files now loaded: 0)
System memory in use before: 81.0 MB.
System memory in use after: 81.3 MB.

Unloading 16 unused Assets to reduce memory usage. Loaded Objects now: 3656.
Total: 3.258400 ms (FindLiveObjects: 0.303100 ms CreateObjectMapping: 0.133500 ms MarkObjects: 2.802200 ms  DeleteObjects: 0.018800 ms)

========================================================================
Received Import Request.
  Time since last request: 1310.911040 seconds.
  path: Assets/Challenges
  artifactKey: Guid(b42c81c04683f6b43ad0246f78a29254) Importer(815301076,1909f56bfc062723c751e8b465ee728b)
Start importing Assets/Challenges using Guid(b42c81c04683f6b43ad0246f78a29254) Importer(815301076,1909f56bfc062723c751e8b465ee728b)  -> (artifact id: '68bc85d261f6e2cbe112c767e63959bb') in 0.002687 seconds
  Import took 0.009594 seconds .

========================================================================
Received Import Request.
  Time since last request: 0.804438 seconds.
  path: Assets/Challenges/01_Architecture
  artifactKey: Guid(a6c809fc3d8f9204cba890e2c1c04e1d) Importer(815301076,1909f56bfc062723c751e8b465ee728b)
Start importing Assets/Challenges/01_Architecture using Guid(a6c809fc3d8f9204cba890e2c1c04e1d) Importer(815301076,1909f56bfc062723c751e8b465ee728b)  -> (artifact id: '944802017f4ecdba0de43ea13bb1fada') in 0.002391 seconds
  Import took 0.008126 seconds .

========================================================================
Received Import Request.
  Time since last request: 1.664959 seconds.
  path: Assets/Challenges/01_Architecture/Scenes
  artifactKey: Guid(52b908e240deb45038729ef1f471fac7) Importer(815301076,1909f56bfc062723c751e8b465ee728b)
Start importing Assets/Challenges/01_Architecture/Scenes using Guid(52b908e240deb45038729ef1f471fac7) Importer(815301076,1909f56bfc062723c751e8b465ee728b)  -> (artifact id: '990cf8b25b60118a5d3aaf0e43fed216') in 0.002688 seconds
  Import took 0.008362 seconds .

========================================================================
Received Import Request.
  Time since last request: 0.727067 seconds.
  path: Assets/Challenges/01_Architecture/Scenes/Architecture_Prototype_Broken.unity
  artifactKey: Guid(15e24606183024cb792c3d70eb38662f) Importer(815301076,1909f56bfc062723c751e8b465ee728b)
Start importing Assets/Challenges/01_Architecture/Scenes/Architecture_Prototype_Broken.unity using Guid(15e24606183024cb792c3d70eb38662f) Importer(815301076,1909f56bfc062723c751e8b465ee728b)  -> (artifact id: 'b559c3382e622d9a846636b419a01c42') in 0.012244 seconds
  Import took 0.019117 seconds .

========================================================================
Received Prepare
Shader 'Universal Render Pipeline/Particles/Lit': fallback shader 'Universal Render Pipeline/Particles/SimpleLit' not found
Refreshing native plugins compatible for Editor in 8.59 ms, found 8 plugins.
Preloading 1 native plugins for Editor in 0.10 ms.
Unloading 16 Unused Serialized files (Serialized files now loaded: 0)
System memory in use before: 81.0 MB.
System memory in use after: 81.3 MB.

Unloading 16 unused Assets to reduce memory usage. Loaded Objects now: 3656.
Total: 25.567000 ms (FindLiveObjects: 2.343500 ms CreateObjectMapping: 1.452300 ms MarkObjects: 21.696900 ms  DeleteObjects: 0.071000 ms)

========================================================================
Received Import Request.
  Time since last request: 2185.724780 seconds.
  path: Assets/_Course Library/Models/RoomTraditional_Models/Room_Traditional_All.fbx
  artifactKey: Guid(215119b6893ae7d4b890c9acaa834b89) Importer(815301076,1909f56bfc062723c751e8b465ee728b)
Start importing Assets/_Course Library/Models/RoomTraditional_Models/Room_Traditional_All.fbx using Guid(215119b6893ae7d4b890c9acaa834b89) Importer(815301076,1909f56bfc062723c751e8b465ee728b)  -> (artifact id: 'd50c0504189287e83d5134f52c2f32b4') in 0.227451 seconds
  Import took 0.235566 seconds .

========================================================================
Received Import Request.
  Time since last request: 0.116905 seconds.
  path: Assets/_Course Library/Models/RoomRustic_Models/Room_Rustic_All.fbx
  artifactKey: Guid(5b7378af8ebeb2c4b9ba1624fe8ce998) Importer(815301076,1909f56bfc062723c751e8b465ee728b)
Start importing Assets/_Course Library/Models/RoomRustic_Models/Room_Rustic_All.fbx using Guid(5b7378af8ebeb2c4b9ba1624fe8ce998) Importer(815301076,1909f56bfc062723c751e8b465ee728b)  -> (artifact id: '4f5fb8f996eb7018ec1fbf1cb8cd08eb') in 0.156346 seconds
  Import took 0.162499 seconds .

========================================================================
Received Prepare
Shader 'Universal Render Pipeline/Particles/Lit': fallback shader 'Universal Render Pipeline/Particles/SimpleLit' not found
Refreshing native plugins compatible for Editor in 4.08 ms, found 8 plugins.
Preloading 1 native plugins for Editor in 0.05 ms.
Unloading 16 Unused Serialized files (Serialized files now loaded: 0)
System memory in use before: 91.9 MB.
System memory in use after: 92.1 MB.

Unloading 16 unused Assets to reduce memory usage. Loaded Objects now: 3656.
Total: 4.535400 ms (FindLiveObjects: 0.351800 ms CreateObjectMapping: 0.140800 ms MarkObjects: 4.019500 ms  DeleteObjects: 0.021700 ms)

========================================================================
Received Prepare
Shader 'Universal Render Pipeline/Particles/Lit': fallback shader 'Universal Render Pipeline/Particles/SimpleLit' not found
Refreshing native plugins compatible for Editor in 4.13 ms, found 8 plugins.
Preloading 1 native plugins for Editor in 0.05 ms.
Unloading 16 Unused Serialized files (Serialized files now loaded: 0)
System memory in use before: 91.9 MB.
System memory in use after: 92.1 MB.

Unloading 16 unused Assets to reduce memory usage. Loaded Objects now: 3656.
Total: 4.849900 ms (FindLiveObjects: 0.385100 ms CreateObjectMapping: 0.164500 ms MarkObjects: 4.275400 ms  DeleteObjects: 0.023200 ms)

========================================================================
Received Prepare
Shader 'Universal Render Pipeline/Particles/Lit': fallback shader 'Universal Render Pipeline/Particles/SimpleLit' not found
Refreshing native plugins compatible for Editor in 4.72 ms, found 8 plugins.
Preloading 1 native plugins for Editor in 0.06 ms.
Unloading 16 Unused Serialized files (Serialized files now loaded: 0)
System memory in use before: 91.9 MB.
System memory in use after: 92.1 MB.

Unloading 16 unused Assets to reduce memory usage. Loaded Objects now: 3656.
Total: 3.938100 ms (FindLiveObjects: 0.535900 ms CreateObjectMapping: 0.152400 ms MarkObjects: 3.228200 ms  DeleteObjects: 0.019700 ms)

AssetImportWorkerClient::OnTransportError - code=2 error=End of file
