Using pre-set license
Built from '2020.3/china_unity/release' branch; Version is '2020.3.1f1c1 (3e9f4b065a9d) revision 4104011'; Using compiler version '192528614'; Build Type 'Release'
OS: 'Windows 10 Pro; OS build 18362.1256; Version 1903; 64bit' Language: 'zh' Physical Memory: 16321 MB
BatchMode: 1, IsHumanControllingUs: 0, StartBugReporterOnCrash: 0, Is64bit: 1, IsPro: 0

 COMMAND LINE ARGUMENTS:
E:\unity\2020.3.1\Unity\Editor\Unity.exe
-adb2
-batchMode
-noUpm
-name
AssetImportWorker0
-projectPath
G:/Learn/VR Room Project
-logFile
Logs/AssetImportWorker0.log
-srvPort
13445
Successfully changed project path to: G:/Learn/VR Room Project
G:/Learn/VR Room Project
Using Asset Import Pipeline V2.
Refreshing native plugins compatible for Editor in 67.42 ms, found 8 plugins.
Preloading 1 native plugins for Editor in 1.16 ms.
Initialize engine version: 2020.3.1f1c1 (3e9f4b065a9d)
[Subsystems] Discovering subsystems at path E:/unity/2020.3.1/Unity/Editor/Data/Resources/UnitySubsystems
[Subsystems] Discovering subsystems at path G:/Learn/VR Room Project/Assets
GfxDevice: creating device client; threaded=0
Direct3D:
    Version:  Direct3D 11.0 [level 11.1]
    Renderer: NVIDIA GeForce GTX 1660 (ID=0x2184)
    Vendor:   
    VRAM:     5991 MB
    Driver:   26.21.14.3200
Shader 'Universal Render Pipeline/Particles/Lit': fallback shader 'Universal Render Pipeline/Particles/SimpleLit' not found
Initialize mono
Mono path[0] = 'E:/unity/2020.3.1/Unity/Editor/Data/Managed'
Mono path[1] = 'E:/unity/2020.3.1/Unity/Editor/Data/MonoBleedingEdge/lib/mono/unityjit'
Mono config path = 'E:/unity/2020.3.1/Unity/Editor/Data/MonoBleedingEdge/etc'
Using monoOptions --debugger-agent=transport=dt_socket,embedding=1,server=y,suspend=n,address=127.0.0.1:56564
Begin MonoManager ReloadAssembly
Registering precompiled unity dll's ...
Register platform support module: E:/unity/2020.3.1/Unity/Editor/Data/PlaybackEngines/WindowsStandaloneSupport/UnityEditor.WindowsStandalone.Extensions.dll
Registered in 0.001247 seconds.
Native extension for WindowsStandalone target not found
Refreshing native plugins compatible for Editor in 60.92 ms, found 8 plugins.
Preloading 1 native plugins for Editor in 0.07 ms.
Invoked RoslynAnalysisRunner static constructor.
RoslynAnalysisRunner will not be running.
RoslynAnalysisRunner has terminated.
Mono: successfully reloaded assembly
- Completed reload, in  0.857 seconds
Platform modules already initialized, skipping
Registering precompiled user dll's ...
Registered in 0.002861 seconds.
Begin MonoManager ReloadAssembly
Native extension for WindowsStandalone target not found
Refreshing native plugins compatible for Editor in 62.28 ms, found 8 plugins.
Preloading 1 native plugins for Editor in 0.07 ms.
Invoked RoslynAnalysisRunner static constructor.
RoslynAnalysisRunner will not be running.
RoslynAnalysisRunner has terminated.
[XR] OculusXRPlugin: registering subsystems
[XR] Unable to register display lifecyle provider: [1]
[XR] Oculus Input lifecycle provider registered.
[XR] Unable to register input lifecyle provider: [1]
NullReferenceException: Object reference not set to an instance of an object
  at Unity.XR.Oculus.OculusLoader.AssetPathToAbsolutePath (System.String assetPath) [0x00048] in G:\Learn\VR Room Project\Library\PackageCache\com.unity.xr.oculus@1.8.1\Runtime\OculusLoader.cs:243 
  at Unity.XR.Oculus.OculusLoader.EditorLoadOVRPlugin () [0x0007b] in G:\Learn\VR Room Project\Library\PackageCache\com.unity.xr.oculus@1.8.1\Runtime\OculusLoader.cs:228 

(Filename: Library/PackageCache/com.unity.xr.oculus@1.8.1/Runtime/OculusLoader.cs Line: 243)

Mono: successfully reloaded assembly
- Completed reload, in  1.172 seconds
Platform modules already initialized, skipping
========================================================================
Worker process is ready to serve import requests
Shader 'Universal Render Pipeline/Particles/Lit': fallback shader 'Universal Render Pipeline/Particles/SimpleLit' not found
Launched and connected shader compiler UnityShaderCompiler.exe after 0.05 seconds
Refreshing native plugins compatible for Editor in 0.74 ms, found 8 plugins.
Preloading 1 native plugins for Editor in 0.06 ms.
Unloading 3108 Unused Serialized files (Serialized files now loaded: 0)
System memory in use before: 143.5 MB.
System memory in use after: 143.5 MB.

Unloading 26 unused Assets to reduce memory usage. Loaded Objects now: 3544.
Total: 3.205100 ms (FindLiveObjects: 0.380200 ms CreateObjectMapping: 0.293300 ms MarkObjects: 2.460700 ms  DeleteObjects: 0.069900 ms)

========================================================================
Received Import Request.
  path: ProjectSettings/TagManager.asset
  artifactKey: Guid(00000000000000003000000000000000) Importer(815301076,1909f56bfc062723c751e8b465ee728b)
Start importing ProjectSettings/TagManager.asset using Guid(00000000000000003000000000000000) Importer(815301076,1909f56bfc062723c751e8b465ee728b)  -> (artifact id: '861f0cbfb6bfe0a57c9f873cd7fbda80') in 0.037016 seconds
  Import took 0.043009 seconds .

========================================================================
Received Import Request.
  Time since last request: 463.662009 seconds.
  path: Assets/_Course Library/_Prefabs/Seating
  artifactKey: Guid(3c5bfbe6f8d944a2ea00f92e8ea86bce) Importer(815301076,1909f56bfc062723c751e8b465ee728b)
Start importing Assets/_Course Library/_Prefabs/Seating using Guid(3c5bfbe6f8d944a2ea00f92e8ea86bce) Importer(815301076,1909f56bfc062723c751e8b465ee728b)  -> (artifact id: '6a2e3e1d28d3b309614f79ff139d78f6') in 0.002444 seconds
  Import took 0.008937 seconds .

========================================================================
Received Import Request.
  Time since last request: 0.046900 seconds.
  path: Assets/_Course Library/_Prefabs/Seating/Chair_Modern_Black.prefab
  artifactKey: Guid(7b3726eaddf29ab41b207a350a3905cb) Importer(815301076,1909f56bfc062723c751e8b465ee728b)
Start importing Assets/_Course Library/_Prefabs/Seating/Chair_Modern_Black.prefab using Guid(7b3726eaddf29ab41b207a350a3905cb) Importer(815301076,1909f56bfc062723c751e8b465ee728b)  -> (artifact id: 'ceebe935a5f1124a80041d207d675416') in 0.215276 seconds
  Import took 0.221520 seconds .

========================================================================
Received Import Request.
  Time since last request: 0.000257 seconds.
  path: Assets/_Course Library/_Prefabs/Seating/Couch_Modern_Brown.prefab
  artifactKey: Guid(c8e40e0db574f2245814fd7983a240f2) Importer(815301076,1909f56bfc062723c751e8b465ee728b)
Start importing Assets/_Course Library/_Prefabs/Seating/Couch_Modern_Brown.prefab using Guid(c8e40e0db574f2245814fd7983a240f2) Importer(815301076,1909f56bfc062723c751e8b465ee728b)  -> (artifact id: '398c9259037d41a14a8ee8138af6cbf7') in 0.018756 seconds
  Import took 0.023967 seconds .

========================================================================
Received Import Request.
  Time since last request: 0.000252 seconds.
  path: Assets/_Course Library/_Prefabs/Seating/Chair_Traditional_Dark.prefab
  artifactKey: Guid(2a5416c2645dd1b469ac4b962af63a77) Importer(815301076,1909f56bfc062723c751e8b465ee728b)
Start importing Assets/_Course Library/_Prefabs/Seating/Chair_Traditional_Dark.prefab using Guid(2a5416c2645dd1b469ac4b962af63a77) Importer(815301076,1909f56bfc062723c751e8b465ee728b)  -> (artifact id: '19738ca676cb796a9ced063e29c996d9') in 0.015678 seconds
  Import took 0.022320 seconds .

========================================================================
Received Import Request.
  Time since last request: 0.000278 seconds.
  path: Assets/_Course Library/_Prefabs/Seating/Chair_Traditional_Light.prefab
  artifactKey: Guid(b4d538715c7469342811939a08b911d2) Importer(815301076,1909f56bfc062723c751e8b465ee728b)
Start importing Assets/_Course Library/_Prefabs/Seating/Chair_Traditional_Light.prefab using Guid(b4d538715c7469342811939a08b911d2) Importer(815301076,1909f56bfc062723c751e8b465ee728b)  -> (artifact id: 'd5c4251471bf33e92011bfed8ab8e966') in 0.018226 seconds
  Import took 0.024658 seconds .

========================================================================
Received Import Request.
  Time since last request: 0.000270 seconds.
  path: Assets/_Course Library/_Prefabs/Seating/Couch_Traditional_Brown.prefab
  artifactKey: Guid(ea6a96590aa46c349ad75158bd6212f3) Importer(815301076,1909f56bfc062723c751e8b465ee728b)
Start importing Assets/_Course Library/_Prefabs/Seating/Couch_Traditional_Brown.prefab using Guid(ea6a96590aa46c349ad75158bd6212f3) Importer(815301076,1909f56bfc062723c751e8b465ee728b)  -> (artifact id: '1132ad437fedf45ed28bdecede0d7b7d') in 0.017313 seconds
  Import took 0.023317 seconds .

========================================================================
Received Import Request.
  Time since last request: 0.000260 seconds.
  path: Assets/_Course Library/_Prefabs/Seating/Couch_Traditional_Gold.prefab
  artifactKey: Guid(9fd62c09090ff5448be42411d830128d) Importer(815301076,1909f56bfc062723c751e8b465ee728b)
Start importing Assets/_Course Library/_Prefabs/Seating/Couch_Traditional_Gold.prefab using Guid(9fd62c09090ff5448be42411d830128d) Importer(815301076,1909f56bfc062723c751e8b465ee728b)  -> (artifact id: '8d2896e4b78a9e5aabacd49109ab3433') in 0.019652 seconds
  Import took 0.026059 seconds .

========================================================================
Received Import Request.
  Time since last request: 0.000234 seconds.
  path: Assets/_Course Library/_Prefabs/Seating/Couch_Rustic_Purple.prefab
  artifactKey: Guid(b70d9d61de2878e4aaba4d25b4a4822d) Importer(815301076,1909f56bfc062723c751e8b465ee728b)
Start importing Assets/_Course Library/_Prefabs/Seating/Couch_Rustic_Purple.prefab using Guid(b70d9d61de2878e4aaba4d25b4a4822d) Importer(815301076,1909f56bfc062723c751e8b465ee728b)  -> (artifact id: 'c4bab22d0edddb19912476fa99da9ced') in 0.025078 seconds
  Import took 0.031127 seconds .

========================================================================
Received Import Request.
  Time since last request: 0.000309 seconds.
  path: Assets/_Course Library/_Prefabs/Seating/Couch_Rustic_Red.prefab
  artifactKey: Guid(b951a849336641c4fab7cc6d23fd2767) Importer(815301076,1909f56bfc062723c751e8b465ee728b)
Start importing Assets/_Course Library/_Prefabs/Seating/Couch_Rustic_Red.prefab using Guid(b951a849336641c4fab7cc6d23fd2767) Importer(815301076,1909f56bfc062723c751e8b465ee728b)  -> (artifact id: 'd2ca7b6bb876ff206fbfddc2e58f2c00') in 0.018338 seconds
  Import took 0.024350 seconds .

========================================================================
Received Import Request.
  Time since last request: 0.000274 seconds.
  path: Assets/_Course Library/_Prefabs/Seating/Chair_Rustic_LightBrown.prefab
  artifactKey: Guid(3e5ff502dd0484b43809e79d17ebc3ad) Importer(815301076,1909f56bfc062723c751e8b465ee728b)
Start importing Assets/_Course Library/_Prefabs/Seating/Chair_Rustic_LightBrown.prefab using Guid(3e5ff502dd0484b43809e79d17ebc3ad) Importer(815301076,1909f56bfc062723c751e8b465ee728b)  -> (artifact id: 'db1db449db95a470a9411a9f4303a80b') in 0.015626 seconds
  Import took 0.022316 seconds .

========================================================================
Received Import Request.
  Time since last request: 0.000268 seconds.
  path: Assets/_Course Library/_Prefabs/Seating/Chair_Rustic_DarkBrown.prefab
  artifactKey: Guid(ddb8bcacf9b699b428806e528be6780f) Importer(815301076,1909f56bfc062723c751e8b465ee728b)
Start importing Assets/_Course Library/_Prefabs/Seating/Chair_Rustic_DarkBrown.prefab using Guid(ddb8bcacf9b699b428806e528be6780f) Importer(815301076,1909f56bfc062723c751e8b465ee728b)  -> (artifact id: '70a6c6827e8233ff9137bb69192f2ddb') in 0.026038 seconds
  Import took 0.032431 seconds .

========================================================================
Received Import Request.
  Time since last request: 0.000261 seconds.
  path: Assets/_Course Library/_Prefabs/Seating/Couch_Rustic_Brown.prefab
  artifactKey: Guid(d1a190085dcf07e4c9961f5b83d0c35d) Importer(815301076,1909f56bfc062723c751e8b465ee728b)
Start importing Assets/_Course Library/_Prefabs/Seating/Couch_Rustic_Brown.prefab using Guid(d1a190085dcf07e4c9961f5b83d0c35d) Importer(815301076,1909f56bfc062723c751e8b465ee728b)  -> (artifact id: '7dd2de8f1da3add47c20b1d17316012e') in 0.020485 seconds
  Import took 0.026630 seconds .

========================================================================
Received Import Request.
  Time since last request: 0.000281 seconds.
  path: Assets/_Course Library/_Prefabs/Seating/Couch_Traditional_Gray.prefab
  artifactKey: Guid(457f2848d5450fe40b602740b823eeec) Importer(815301076,1909f56bfc062723c751e8b465ee728b)
Start importing Assets/_Course Library/_Prefabs/Seating/Couch_Traditional_Gray.prefab using Guid(457f2848d5450fe40b602740b823eeec) Importer(815301076,1909f56bfc062723c751e8b465ee728b)  -> (artifact id: '2aff5397d6a8e5fef17d479f39ec88c1') in 0.012903 seconds
  Import took 0.020131 seconds .

========================================================================
Received Import Request.
  Time since last request: 0.000276 seconds.
  path: Assets/_Course Library/_Prefabs/Seating/Chair_Modern_Brown.prefab
  artifactKey: Guid(5e80c6b19a85a0d46b1ebd9f0eb64b5b) Importer(815301076,1909f56bfc062723c751e8b465ee728b)
Start importing Assets/_Course Library/_Prefabs/Seating/Chair_Modern_Brown.prefab using Guid(5e80c6b19a85a0d46b1ebd9f0eb64b5b) Importer(815301076,1909f56bfc062723c751e8b465ee728b)  -> (artifact id: '5a19ac1fe4395482548dacd08a9892b9') in 0.012412 seconds
  Import took 0.018833 seconds .

========================================================================
Received Import Request.
  Time since last request: 0.000258 seconds.
  path: Assets/_Course Library/_Prefabs/Seating/Couch_Modern_Gray.prefab
  artifactKey: Guid(0eb8793a9b9aa6b4c8a601e1e50f6801) Importer(815301076,1909f56bfc062723c751e8b465ee728b)
Start importing Assets/_Course Library/_Prefabs/Seating/Couch_Modern_Gray.prefab using Guid(0eb8793a9b9aa6b4c8a601e1e50f6801) Importer(815301076,1909f56bfc062723c751e8b465ee728b)  -> (artifact id: 'd7c3437a0f5f2b90aa3a58b467154af4') in 0.013981 seconds
  Import took 0.020255 seconds .

========================================================================
Received Import Request.
  Time since last request: 0.002472 seconds.
  path: Assets/_Course Library/_Prefabs/Seating/Couch_Modern_Gray.prefab
  artifactKey: Guid(0eb8793a9b9aa6b4c8a601e1e50f6801) Importer(815301076,1909f56bfc062723c751e8b465ee728b)
Start importing Assets/_Course Library/_Prefabs/Seating/Couch_Modern_Gray.prefab using Guid(0eb8793a9b9aa6b4c8a601e1e50f6801) Importer(815301076,1909f56bfc062723c751e8b465ee728b)  -> (artifact id: 'd7c3437a0f5f2b90aa3a58b467154af4') in 0.010899 seconds
  Import took 0.017630 seconds .

========================================================================
Received Import Request.
  Time since last request: 65.064673 seconds.
  path: Assets/_Course Library/_Prefabs/Objects/Hats
  artifactKey: Guid(5957e5a520fa344b48ebf7b264cec222) Importer(815301076,1909f56bfc062723c751e8b465ee728b)
Start importing Assets/_Course Library/_Prefabs/Objects/Hats using Guid(5957e5a520fa344b48ebf7b264cec222) Importer(815301076,1909f56bfc062723c751e8b465ee728b)  -> (artifact id: '2779830bd4c8f54ff66bc54369295c6e') in 0.002101 seconds
  Import took 0.007917 seconds .

========================================================================
Received Import Request.
  Time since last request: 0.068436 seconds.
  path: Assets/_Course Library/_Prefabs/Objects/Hats/Hat_Cap.prefab
  artifactKey: Guid(ada41267943a79c4286b35bd7172eff3) Importer(815301076,1909f56bfc062723c751e8b465ee728b)
Start importing Assets/_Course Library/_Prefabs/Objects/Hats/Hat_Cap.prefab using Guid(ada41267943a79c4286b35bd7172eff3) Importer(815301076,1909f56bfc062723c751e8b465ee728b)  -> (artifact id: '12f59362e6a66abd5f0d4a4c733aac98') in 0.014402 seconds
  Import took 0.020218 seconds .

========================================================================
Received Import Request.
  Time since last request: 0.000253 seconds.
  path: Assets/_Course Library/_Prefabs/Objects/Hats/Hat_Straw.prefab
  artifactKey: Guid(e47d1d603e6f7de498727aba1230cd7d) Importer(815301076,1909f56bfc062723c751e8b465ee728b)
Start importing Assets/_Course Library/_Prefabs/Objects/Hats/Hat_Straw.prefab using Guid(e47d1d603e6f7de498727aba1230cd7d) Importer(815301076,1909f56bfc062723c751e8b465ee728b)  -> (artifact id: 'e81234810024928d9d6fcfb6d5be0d55') in 0.016889 seconds
  Import took 0.022456 seconds .

========================================================================
Received Import Request.
  Time since last request: 0.000231 seconds.
  path: Assets/_Course Library/_Prefabs/Objects/Hats/Hat_Witch_Black.prefab
  artifactKey: Guid(bb26561acd7e7ae4895b77c19a7f7487) Importer(815301076,1909f56bfc062723c751e8b465ee728b)
Start importing Assets/_Course Library/_Prefabs/Objects/Hats/Hat_Witch_Black.prefab using Guid(bb26561acd7e7ae4895b77c19a7f7487) Importer(815301076,1909f56bfc062723c751e8b465ee728b)  -> (artifact id: '032e619492f766dbc111825672679b78') in 0.023454 seconds
  Import took 0.029871 seconds .

========================================================================
Received Import Request.
  Time since last request: 0.000249 seconds.
  path: Assets/_Course Library/_Prefabs/Objects/Hats/Hat_Witch_Blue.prefab
  artifactKey: Guid(364b4f12314d0fb4ea2870ddcc2f1842) Importer(815301076,1909f56bfc062723c751e8b465ee728b)
Start importing Assets/_Course Library/_Prefabs/Objects/Hats/Hat_Witch_Blue.prefab using Guid(364b4f12314d0fb4ea2870ddcc2f1842) Importer(815301076,1909f56bfc062723c751e8b465ee728b)  -> (artifact id: 'd9a1aa3370179dae3bddc7ee426628f5') in 0.013047 seconds
  Import took 0.019419 seconds .

========================================================================
Received Import Request.
  Time since last request: 0.000252 seconds.
  path: Assets/_Course Library/_Prefabs/Objects/Hats/Hat_Top.prefab
  artifactKey: Guid(e636f9595e23302488ae2257b902e05e) Importer(815301076,1909f56bfc062723c751e8b465ee728b)
Start importing Assets/_Course Library/_Prefabs/Objects/Hats/Hat_Top.prefab using Guid(e636f9595e23302488ae2257b902e05e) Importer(815301076,1909f56bfc062723c751e8b465ee728b)  -> (artifact id: '5934028837d6839f8519d95f12d82389') in 0.022610 seconds
  Import took 0.029180 seconds .

========================================================================
Received Import Request.
  Time since last request: 0.000311 seconds.
  path: Assets/_Course Library/_Prefabs/Objects/Hats/Hat_Captain_Blue.prefab
  artifactKey: Guid(0f74967a148ece6408816e082f119844) Importer(815301076,1909f56bfc062723c751e8b465ee728b)
Start importing Assets/_Course Library/_Prefabs/Objects/Hats/Hat_Captain_Blue.prefab using Guid(0f74967a148ece6408816e082f119844) Importer(815301076,1909f56bfc062723c751e8b465ee728b)  -> (artifact id: 'd6a51f1461213e4701e11e169b515162') in 0.016838 seconds
  Import took 0.023531 seconds .

========================================================================
Received Import Request.
  Time since last request: 0.000249 seconds.
  path: Assets/_Course Library/_Prefabs/Objects/Hats/Hat_Captain_Black.prefab
  artifactKey: Guid(0d90b882636c6034b8e91bb072d0c083) Importer(815301076,1909f56bfc062723c751e8b465ee728b)
Start importing Assets/_Course Library/_Prefabs/Objects/Hats/Hat_Captain_Black.prefab using Guid(0d90b882636c6034b8e91bb072d0c083) Importer(815301076,1909f56bfc062723c751e8b465ee728b)  -> (artifact id: 'f297756a832ac778056e6a8ff8931f2d') in 0.021907 seconds
  Import took 0.028293 seconds .

========================================================================
Received Import Request.
  Time since last request: 146.728206 seconds.
  path: Assets/_Course Library/_Prefabs/Objects/Containers
  artifactKey: Guid(89f5870f666ba464b929436f58abc4a7) Importer(815301076,1909f56bfc062723c751e8b465ee728b)
Start importing Assets/_Course Library/_Prefabs/Objects/Containers using Guid(89f5870f666ba464b929436f58abc4a7) Importer(815301076,1909f56bfc062723c751e8b465ee728b)  -> (artifact id: '102b64a86c676574059724d403efb74b') in 0.002527 seconds
  Import took 0.008967 seconds .

========================================================================
Received Import Request.
  Time since last request: 0.055132 seconds.
  path: Assets/_Course Library/_Prefabs/Objects/Containers/Container_Bottle_Blue.prefab
  artifactKey: Guid(dc9d604fc9e605b4287415291cda0eb5) Importer(815301076,1909f56bfc062723c751e8b465ee728b)
Start importing Assets/_Course Library/_Prefabs/Objects/Containers/Container_Bottle_Blue.prefab using Guid(dc9d604fc9e605b4287415291cda0eb5) Importer(815301076,1909f56bfc062723c751e8b465ee728b)  -> (artifact id: 'a1413ead34edfc6ad3fec312fd49b3ce') in 0.015928 seconds
  Import took 0.021807 seconds .

========================================================================
Received Import Request.
  Time since last request: 0.000264 seconds.
  path: Assets/_Course Library/_Prefabs/Objects/Containers/Container_Can_Green.prefab
  artifactKey: Guid(f0ca908a1dfeb7740bc66ef5c09b281e) Importer(815301076,1909f56bfc062723c751e8b465ee728b)
Start importing Assets/_Course Library/_Prefabs/Objects/Containers/Container_Can_Green.prefab using Guid(f0ca908a1dfeb7740bc66ef5c09b281e) Importer(815301076,1909f56bfc062723c751e8b465ee728b)  -> (artifact id: '570f7ec1c3a30616657207296826e87d') in 0.019153 seconds
  Import took 0.025129 seconds .

========================================================================
Received Import Request.
  Time since last request: 0.000239 seconds.
  path: Assets/_Course Library/_Prefabs/Objects/Containers/Container_WateringCan_Blue.prefab
  artifactKey: Guid(97d5ec2098013934bb7e8de14095cfa8) Importer(815301076,1909f56bfc062723c751e8b465ee728b)
Start importing Assets/_Course Library/_Prefabs/Objects/Containers/Container_WateringCan_Blue.prefab using Guid(97d5ec2098013934bb7e8de14095cfa8) Importer(815301076,1909f56bfc062723c751e8b465ee728b)  -> (artifact id: 'abb8f36ad3a50607a628c6234f4008e1') in 0.017894 seconds
  Import took 0.024330 seconds .

========================================================================
Received Import Request.
  Time since last request: 0.000264 seconds.
  path: Assets/_Course Library/_Prefabs/Objects/Containers/Container_WateringCan_Yellow.prefab
  artifactKey: Guid(f89ff3fba44a22c45828d9cf21154f49) Importer(815301076,1909f56bfc062723c751e8b465ee728b)
Start importing Assets/_Course Library/_Prefabs/Objects/Containers/Container_WateringCan_Yellow.prefab using Guid(f89ff3fba44a22c45828d9cf21154f49) Importer(815301076,1909f56bfc062723c751e8b465ee728b)  -> (artifact id: '39292aa427eda34a96217de787811c92') in 0.014976 seconds
  Import took 0.020789 seconds .

========================================================================
Received Import Request.
  Time since last request: 0.000311 seconds.
  path: Assets/_Course Library/_Prefabs/Objects/Containers/Container_Bottle_Red.prefab
  artifactKey: Guid(560c67828e5e33440943d72800ab3aae) Importer(815301076,1909f56bfc062723c751e8b465ee728b)
Start importing Assets/_Course Library/_Prefabs/Objects/Containers/Container_Bottle_Red.prefab using Guid(560c67828e5e33440943d72800ab3aae) Importer(815301076,1909f56bfc062723c751e8b465ee728b)  -> (artifact id: 'b85dcce3df6445a8393b75e372644fad') in 0.019206 seconds
  Import took 0.025000 seconds .

========================================================================
Received Import Request.
  Time since last request: 0.000229 seconds.
  path: Assets/_Course Library/_Prefabs/Objects/Containers/Container_Can_Red.prefab
  artifactKey: Guid(8ddc6f3b9a64c6a49948d22d5d2fa59d) Importer(815301076,1909f56bfc062723c751e8b465ee728b)
Start importing Assets/_Course Library/_Prefabs/Objects/Containers/Container_Can_Red.prefab using Guid(8ddc6f3b9a64c6a49948d22d5d2fa59d) Importer(815301076,1909f56bfc062723c751e8b465ee728b)  -> (artifact id: 'fb0ecf2722dc6892df5a5d4fb6c2bb6c') in 0.019594 seconds
  Import took 0.025216 seconds .

========================================================================
Received Import Request.
  Time since last request: 0.000254 seconds.
  path: Assets/_Course Library/_Prefabs/Objects/Containers/Container_WateringCan_Green.prefab
  artifactKey: Guid(7b3f01ef57e439d4ba789378e3bb2b97) Importer(815301076,1909f56bfc062723c751e8b465ee728b)
Start importing Assets/_Course Library/_Prefabs/Objects/Containers/Container_WateringCan_Green.prefab using Guid(7b3f01ef57e439d4ba789378e3bb2b97) Importer(815301076,1909f56bfc062723c751e8b465ee728b)  -> (artifact id: '2e94be1377827481f308538b5c2c6e3f') in 0.019655 seconds
  Import took 0.025553 seconds .

========================================================================
Received Import Request.
  Time since last request: 93.102144 seconds.
  path: Assets/_Course Library/_Prefabs/Objects/Miscellaneous
  artifactKey: Guid(ce339bb669f5641919b0aa8ee552e139) Importer(815301076,1909f56bfc062723c751e8b465ee728b)
Start importing Assets/_Course Library/_Prefabs/Objects/Miscellaneous using Guid(ce339bb669f5641919b0aa8ee552e139) Importer(815301076,1909f56bfc062723c751e8b465ee728b)  -> (artifact id: '1f70d5293ff253713da6096c9014d516') in 0.002405 seconds
  Import took 0.008903 seconds .

========================================================================
Received Import Request.
  Time since last request: 0.054940 seconds.
  path: Assets/_Course Library/_Prefabs/Objects/Miscellaneous/Lighter_Candle_Blue.prefab
  artifactKey: Guid(b260445a5b0da4bbba6645bba66a124f) Importer(815301076,1909f56bfc062723c751e8b465ee728b)
Start importing Assets/_Course Library/_Prefabs/Objects/Miscellaneous/Lighter_Candle_Blue.prefab using Guid(b260445a5b0da4bbba6645bba66a124f) Importer(815301076,1909f56bfc062723c751e8b465ee728b)  -> (artifact id: 'c5e80879c684f9219ad7e595ac9498c6') in 0.012687 seconds
  Import took 0.018487 seconds .

========================================================================
Received Import Request.
  Time since last request: 0.000259 seconds.
  path: Assets/_Course Library/_Prefabs/Objects/Miscellaneous/Object_MagnifyingGlass.prefab
  artifactKey: Guid(33dc28eb77358df4394d6ecb6e5a188b) Importer(815301076,1909f56bfc062723c751e8b465ee728b)
Start importing Assets/_Course Library/_Prefabs/Objects/Miscellaneous/Object_MagnifyingGlass.prefab using Guid(33dc28eb77358df4394d6ecb6e5a188b) Importer(815301076,1909f56bfc062723c751e8b465ee728b)  -> (artifact id: '0c06ab3bd9fb8259acf98777b504d8c0') in 0.016742 seconds
  Import took 0.022696 seconds .

========================================================================
Received Import Request.
  Time since last request: 0.000266 seconds.
  path: Assets/_Course Library/_Prefabs/Objects/Miscellaneous/Lighter_Candle_Green.prefab
  artifactKey: Guid(710e78790f563cb439a579a906727a28) Importer(815301076,1909f56bfc062723c751e8b465ee728b)
Start importing Assets/_Course Library/_Prefabs/Objects/Miscellaneous/Lighter_Candle_Green.prefab using Guid(710e78790f563cb439a579a906727a28) Importer(815301076,1909f56bfc062723c751e8b465ee728b)  -> (artifact id: '4cc89ab4893751777eb35e41fdc7f8bd') in 0.015283 seconds
  Import took 0.022790 seconds .

========================================================================
Received Import Request.
  Time since last request: 25.810961 seconds.
  path: Assets/_Course Library/_Prefabs/Objects/Notebooks
  artifactKey: Guid(7db05cdce5a00465195354d61b71bbd2) Importer(815301076,1909f56bfc062723c751e8b465ee728b)
Start importing Assets/_Course Library/_Prefabs/Objects/Notebooks using Guid(7db05cdce5a00465195354d61b71bbd2) Importer(815301076,1909f56bfc062723c751e8b465ee728b)  -> (artifact id: '0e9fec3f70a4430eb277157ed9a893a1') in 0.002193 seconds
  Import took 0.008314 seconds .

========================================================================
Received Import Request.
  Time since last request: 0.107700 seconds.
  path: Assets/_Course Library/_Prefabs/Objects/Notebooks/Notebook_Brown.prefab
  artifactKey: Guid(0598faac6c7f62f4f92b2f771f20ca2d) Importer(815301076,1909f56bfc062723c751e8b465ee728b)
Start importing Assets/_Course Library/_Prefabs/Objects/Notebooks/Notebook_Brown.prefab using Guid(0598faac6c7f62f4f92b2f771f20ca2d) Importer(815301076,1909f56bfc062723c751e8b465ee728b)  -> (artifact id: 'b85e1c775c0c68f2b5e751866fb790f0') in 0.014577 seconds
  Import took 0.020336 seconds .

========================================================================
Received Import Request.
  Time since last request: 0.000281 seconds.
  path: Assets/_Course Library/_Prefabs/Objects/Notebooks/Notebook_Stripes.prefab
  artifactKey: Guid(abff5816a508a3d4dad931c6733e7e75) Importer(815301076,1909f56bfc062723c751e8b465ee728b)
Start importing Assets/_Course Library/_Prefabs/Objects/Notebooks/Notebook_Stripes.prefab using Guid(abff5816a508a3d4dad931c6733e7e75) Importer(815301076,1909f56bfc062723c751e8b465ee728b)  -> (artifact id: '6c68c0ac8ceb7d9918aea2f6ab4880a7') in 0.013539 seconds
  Import took 0.019456 seconds .

========================================================================
Received Import Request.
  Time since last request: 0.000305 seconds.
  path: Assets/_Course Library/_Prefabs/Objects/Notebooks/Notebook_Pink.prefab
  artifactKey: Guid(6f5d36ab1a372434cb1243fa82ad4344) Importer(815301076,1909f56bfc062723c751e8b465ee728b)
Start importing Assets/_Course Library/_Prefabs/Objects/Notebooks/Notebook_Pink.prefab using Guid(6f5d36ab1a372434cb1243fa82ad4344) Importer(815301076,1909f56bfc062723c751e8b465ee728b)  -> (artifact id: '7266006b626cfb4636ff910475933c80') in 0.019177 seconds
  Import took 0.026016 seconds .

========================================================================
Received Import Request.
  Time since last request: 503.166212 seconds.
  path: Assets/TextMesh Pro
  artifactKey: Guid(f54d1bd14bd3ca042bd867b519fee8cc) Importer(815301076,1909f56bfc062723c751e8b465ee728b)
Start importing Assets/TextMesh Pro using Guid(f54d1bd14bd3ca042bd867b519fee8cc) Importer(815301076,1909f56bfc062723c751e8b465ee728b)  -> (artifact id: 'a9e3de790b505b3a9b3ecee62a33bfba') in 0.003022 seconds
  Import took 0.009556 seconds .

========================================================================
Received Prepare
Shader 'Universal Render Pipeline/Particles/Lit': fallback shader 'Universal Render Pipeline/Particles/SimpleLit' not found
Refreshing native plugins compatible for Editor in 3.75 ms, found 8 plugins.
Preloading 1 native plugins for Editor in 0.05 ms.
Unloading 16 Unused Serialized files (Serialized files now loaded: 0)
System memory in use before: 79.4 MB.
System memory in use after: 79.6 MB.

Unloading 17 unused Assets to reduce memory usage. Loaded Objects now: 3616.
Total: 5.370600 ms (FindLiveObjects: 0.300400 ms CreateObjectMapping: 0.133500 ms MarkObjects: 4.902600 ms  DeleteObjects: 0.033000 ms)

========================================================================
Received Prepare
Shader 'Universal Render Pipeline/Particles/Lit': fallback shader 'Universal Render Pipeline/Particles/SimpleLit' not found
Refreshing native plugins compatible for Editor in 3.97 ms, found 8 plugins.
Preloading 1 native plugins for Editor in 0.05 ms.
Unloading 16 Unused Serialized files (Serialized files now loaded: 0)
System memory in use before: 79.4 MB.
System memory in use after: 79.6 MB.

Unloading 16 unused Assets to reduce memory usage. Loaded Objects now: 3616.
Total: 5.641000 ms (FindLiveObjects: 0.486000 ms CreateObjectMapping: 0.146000 ms MarkObjects: 4.976500 ms  DeleteObjects: 0.030900 ms)

AssetImportWorkerClient::OnTransportError - code=2 error=End of file
